<?xml version="1.0" encoding="UTF-8"?>
<testng-results skipped="0" failed="0" ignored="0" total="1" passed="1">
  <reporter-output>
  </reporter-output>
  <suite name="Default suite" duration-ms="31213" started-at="2020-05-23T18:15:30 IST" finished-at="2020-05-23T18:16:02 IST">
    <groups>
    </groups>
    <test name="Default test" duration-ms="31213" started-at="2020-05-23T18:15:30 IST" finished-at="2020-05-23T18:16:02 IST">
      <class name="try1.ForMultipleElementsDifferentImplementation">
        <test-method status="PASS" signature="method1()[pri:0, instance:try1.ForMultipleElementsDifferentImplementation@34cd072c]" name="method1" duration-ms="31144" started-at="2020-05-23T18:15:31 IST" finished-at="2020-05-23T18:16:02 IST">
          <reporter-output>
          </reporter-output>
        </test-method> <!-- method1 -->
      </class> <!-- try1.ForMultipleElementsDifferentImplementation -->
    </test> <!-- Default test -->
  </suite> <!-- Default suite -->
</testng-results>
